{"/Users/watar/Desktop/work/react-reserve-master/src/components/Account/AccountHeader.tsx": {"path":"/Users/watar/Desktop/work/react-reserve-master/src/components/Account/AccountHeader.tsx","statementMap":{"0":{"start":{"line":1,"column":0},"end":{"line":1,"column":26}},"1":{"start":{"line":2,"column":0},"end":{"line":2,"column":65}},"2":{"start":{"line":3,"column":0},"end":{"line":3,"column":51}},"3":{"start":{"line":7,"column":6},"end":{"line":7,"column":null}},"4":{"start":{"line":8,"column":7},"end":{"line":8,"column":null}},"5":{"start":{"line":9,"column":6},"end":{"line":9,"column":null}},"6":{"start":{"line":10,"column":11},"end":{"line":10,"column":null}},"7":{"start":{"line":12,"column":2},"end":{"line":29,"column":4}},"8":{"start":{"line":32,"column":0},"end":{"line":32,"column":29}}},"fnMap":{"0":{"name":"AccountHeader","decl":{"start":{"line":6,"column":9},"end":{"line":6,"column":22}},"loc":{"start":{"line":11,"column":16},"end":{"line":30,"column":1}}}},"branchMap":{},"s":{"0":1,"1":1,"2":1,"3":1,"4":1,"5":1,"6":1,"7":1,"8":1},"f":{"0":1},"b":{}}
,"/Users/watar/Desktop/work/react-reserve-master/src/components/Account/AccountOrders.tsx": {"path":"/Users/watar/Desktop/work/react-reserve-master/src/components/Account/AccountOrders.tsx","statementMap":{"0":{"start":{"line":1,"column":0},"end":{"line":1,"column":26}},"1":{"start":{"line":2,"column":0},"end":{"line":2,"column":null}},"2":{"start":{"line":13,"column":0},"end":{"line":13,"column":40}},"3":{"start":{"line":14,"column":0},"end":{"line":14,"column":51}},"4":{"start":{"line":18,"column":31},"end":{"line":18,"column":53}},"5":{"start":{"line":19,"column":17},"end":{"line":19,"column":28}},"6":{"start":{"line":22,"column":4},"end":{"line":70,"column":8}},"7":{"start":{"line":22,"column":33},"end":{"line":70,"column":7}},"8":{"start":{"line":42,"column":16},"end":{"line":64,"column":18}},"9":{"start":{"line":73,"column":2},"end":{"line":100,"column":4}},"10":{"start":{"line":86,"column":35},"end":{"line":86,"column":53}},"11":{"start":{"line":103,"column":0},"end":{"line":103,"column":29}}},"fnMap":{"0":{"name":"AccountOrders","decl":{"start":{"line":18,"column":9},"end":{"line":18,"column":22}},"loc":{"start":{"line":18,"column":53},"end":{"line":101,"column":1}}},"1":{"name":"mapOrdersToPanels","decl":{"start":{"line":21,"column":11},"end":{"line":21,"column":28}},"loc":{"start":{"line":21,"column":53},"end":{"line":71,"column":3}}},"2":{"name":"(anonymous_3)","decl":{"start":{"line":22,"column":22},"end":{"line":22,"column":23}},"loc":{"start":{"line":22,"column":28},"end":{"line":22,"column":34}}},"3":{"name":"(anonymous_4)","decl":{"start":{"line":41,"column":34},"end":{"line":41,"column":35}},"loc":{"start":{"line":41,"column":36},"end":{"line":65,"column":15}}},"4":{"name":"(anonymous_5)","decl":{"start":{"line":86,"column":29},"end":{"line":86,"column":35}},"loc":{"start":{"line":86,"column":29},"end":{"line":86,"column":41}}}},"branchMap":{"0":{"loc":{"start":{"line":43,"column":18},"end":{"line":55,"column":null}},"type":"cond-expr","locations":[{"start":{"line":43,"column":18},"end":{"line":55,"column":null}},{"start":{"line":58,"column":18},"end":{"line":62,"column":null}}]},"1":{"loc":{"start":{"line":80,"column":8},"end":{"line":89,"column":null}},"type":"cond-expr","locations":[{"start":{"line":80,"column":8},"end":{"line":89,"column":null}},{"start":{"line":92,"column":8},"end":{"line":96,"column":null}}]}},"s":{"0":1,"1":1,"2":1,"3":1,"4":1,"5":1,"6":1,"7":3,"8":6,"9":1,"10":0,"11":1},"f":{"0":1,"1":1,"2":3,"3":6,"4":0},"b":{"0":[6,0],"1":[0,1]}}
,"/Users/watar/Desktop/work/react-reserve-master/src/components/Account/AccountPermissions.tsx": {"path":"/Users/watar/Desktop/work/react-reserve-master/src/components/Account/AccountPermissions.tsx","statementMap":{"0":{"start":{"line":1,"column":0},"end":{"line":1,"column":26}},"1":{"start":{"line":2,"column":0},"end":{"line":2,"column":26}},"2":{"start":{"line":3,"column":0},"end":{"line":3,"column":66}},"3":{"start":{"line":4,"column":0},"end":{"line":4,"column":45}},"4":{"start":{"line":5,"column":0},"end":{"line":5,"column":31}},"5":{"start":{"line":6,"column":0},"end":{"line":6,"column":51}},"6":{"start":{"line":15,"column":28},"end":{"line":15,"column":60}},"7":{"start":{"line":15,"column":14},"end":{"line":15,"column":16}},"8":{"start":{"line":15,"column":24},"end":{"line":15,"column":28}},"9":{"start":{"line":17,"column":2},"end":{"line":19,"column":9}},"10":{"start":{"line":18,"column":4},"end":{"line":18,"column":15}},"11":{"start":{"line":22,"column":10},"end":{"line":22,"column":39}},"12":{"start":{"line":23,"column":10},"end":{"line":23,"column":38}},"13":{"start":{"line":24,"column":10},"end":{"line":24,"column":58}},"14":{"start":{"line":25,"column":21},"end":{"line":25,"column":null}},"15":{"start":{"line":25,"column":10},"end":{"line":25,"column":null}},"16":{"start":{"line":26,"column":4},"end":{"line":26,"column":28}},"17":{"start":{"line":29,"column":2},"end":{"line":54,"column":4}},"18":{"start":{"line":48,"column":31},"end":{"line":50,"column":12}},"19":{"start":{"line":57,"column":30},"end":{"line":57,"column":53}},"20":{"start":{"line":58,"column":28},"end":{"line":58,"column":65}},"21":{"start":{"line":58,"column":14},"end":{"line":58,"column":16}},"22":{"start":{"line":58,"column":24},"end":{"line":58,"column":28}},"23":{"start":{"line":60,"column":21},"end":{"line":60,"column":39}},"24":{"start":{"line":62,"column":2},"end":{"line":69,"column":14}},"25":{"start":{"line":64,"column":4},"end":{"line":67,"column":null}},"26":{"start":{"line":65,"column":6},"end":{"line":65,"column":33}},"27":{"start":{"line":66,"column":6},"end":{"line":66,"column":13}},"28":{"start":{"line":68,"column":4},"end":{"line":68,"column":23}},"29":{"start":{"line":72,"column":4},"end":{"line":72,"column":40}},"30":{"start":{"line":72,"column":28},"end":{"line":72,"column":39}},"31":{"start":{"line":76,"column":10},"end":{"line":76,"column":41}},"32":{"start":{"line":77,"column":10},"end":{"line":77,"column":70}},"33":{"start":{"line":78,"column":4},"end":{"line":78,"column":34}},"34":{"start":{"line":81,"column":2},"end":{"line":92,"column":4}},"35":{"start":{"line":95,"column":0},"end":{"line":95,"column":34}}},"fnMap":{"0":{"name":"AccountPermissions","decl":{"start":{"line":14,"column":9},"end":{"line":14,"column":27}},"loc":{"start":{"line":14,"column":27},"end":{"line":55,"column":1}}},"1":{"name":"(anonymous_15)","decl":{"start":{"line":17,"column":18},"end":{"line":17,"column":null}},"loc":{"start":{"line":17,"column":18},"end":{"line":19,"column":3}}},"2":{"name":"getUsers","decl":{"start":{"line":21,"column":17},"end":{"line":21,"column":25}},"loc":{"start":{"line":21,"column":25},"end":{"line":27,"column":null}}},"3":{"name":"(anonymous_19)","decl":{"start":{"line":48,"column":21},"end":{"line":48,"column":22}},"loc":{"start":{"line":48,"column":26},"end":{"line":48,"column":null}}},"4":{"name":"UserPermission","decl":{"start":{"line":57,"column":9},"end":{"line":57,"column":23}},"loc":{"start":{"line":57,"column":53},"end":{"line":93,"column":1}}},"5":{"name":"(anonymous_21)","decl":{"start":{"line":62,"column":18},"end":{"line":62,"column":null}},"loc":{"start":{"line":62,"column":18},"end":{"line":69,"column":3}}},"6":{"name":"handleChangePermission","decl":{"start":{"line":71,"column":11},"end":{"line":71,"column":33}},"loc":{"start":{"line":71,"column":33},"end":{"line":73,"column":3}}},"7":{"name":"(anonymous_23)","decl":{"start":{"line":72,"column":13},"end":{"line":72,"column":14}},"loc":{"start":{"line":72,"column":23},"end":{"line":72,"column":29}}},"8":{"name":"updatePermission","decl":{"start":{"line":75,"column":17},"end":{"line":75,"column":33}},"loc":{"start":{"line":75,"column":33},"end":{"line":79,"column":null}}}},"branchMap":{"0":{"loc":{"start":{"line":64,"column":4},"end":{"line":67,"column":null}},"type":"if","locations":[{"start":{"line":64,"column":4},"end":{"line":67,"column":null}},{"start":{"line":64,"column":4},"end":{"line":67,"column":null}}]},"1":{"loc":{"start":{"line":77,"column":51},"end":{"line":77,"column":58}},"type":"cond-expr","locations":[{"start":{"line":77,"column":51},"end":{"line":77,"column":58}},{"start":{"line":77,"column":61},"end":{"line":77,"column":67}}]},"2":{"loc":{"start":{"line":90,"column":27},"end":{"line":90,"column":34}},"type":"cond-expr","locations":[{"start":{"line":90,"column":27},"end":{"line":90,"column":34}},{"start":{"line":90,"column":37},"end":{"line":90,"column":43}}]}},"s":{"0":1,"1":1,"2":1,"3":1,"4":1,"5":1,"6":1,"7":1,"8":1,"9":1,"10":0,"11":0,"12":0,"13":0,"14":0,"15":0,"16":0,"17":1,"18":0,"19":0,"20":0,"21":0,"22":0,"23":0,"24":0,"25":0,"26":0,"27":0,"28":0,"29":0,"30":0,"31":0,"32":0,"33":0,"34":0,"35":1},"f":{"0":1,"1":0,"2":0,"3":0,"4":0,"5":0,"6":0,"7":0,"8":0},"b":{"0":[0,0],"1":[0,0],"2":[0,0]}}
,"/Users/watar/Desktop/work/react-reserve-master/src/components/Index/ProductList.tsx": {"path":"/Users/watar/Desktop/work/react-reserve-master/src/components/Index/ProductList.tsx","statementMap":{"0":{"start":{"line":1,"column":0},"end":{"line":1,"column":26}},"1":{"start":{"line":2,"column":0},"end":{"line":2,"column":41}},"2":{"start":{"line":6,"column":31},"end":{"line":6,"column":51}},"3":{"start":{"line":8,"column":4},"end":{"line":16,"column":8}},"4":{"start":{"line":8,"column":37},"end":{"line":16,"column":7}},"5":{"start":{"line":19,"column":2},"end":{"line":26,"column":4}},"6":{"start":{"line":29,"column":0},"end":{"line":29,"column":27}}},"fnMap":{"0":{"name":"ProductList","decl":{"start":{"line":6,"column":9},"end":{"line":6,"column":20}},"loc":{"start":{"line":6,"column":51},"end":{"line":27,"column":1}}},"1":{"name":"mapProductsToItems","decl":{"start":{"line":7,"column":11},"end":{"line":7,"column":29}},"loc":{"start":{"line":7,"column":58},"end":{"line":17,"column":3}}},"2":{"name":"(anonymous_3)","decl":{"start":{"line":8,"column":24},"end":{"line":8,"column":25}},"loc":{"start":{"line":8,"column":32},"end":{"line":8,"column":38}}}},"branchMap":{},"s":{"0":1,"1":1,"2":1,"3":1,"4":20,"5":1,"6":1},"f":{"0":1,"1":1,"2":20},"b":{}}
,"/Users/watar/Desktop/work/react-reserve-master/src/components/Index/ProductPagination.tsx": {"path":"/Users/watar/Desktop/work/react-reserve-master/src/components/Index/ProductPagination.tsx","statementMap":{"0":{"start":{"line":1,"column":0},"end":{"line":1,"column":26}},"1":{"start":{"line":2,"column":0},"end":{"line":2,"column":40}},"2":{"start":{"line":3,"column":0},"end":{"line":3,"column":58}},"3":{"start":{"line":7,"column":12},"end":{"line":7,"column":null}},"4":{"start":{"line":9,"column":17},"end":{"line":9,"column":28}},"5":{"start":{"line":10,"column":2},"end":{"line":22,"column":4}},"6":{"start":{"line":16,"column":10},"end":{"line":18,"column":55}},"7":{"start":{"line":25,"column":0},"end":{"line":25,"column":33}}},"fnMap":{"0":{"name":"ProductPagination","decl":{"start":{"line":6,"column":9},"end":{"line":6,"column":26}},"loc":{"start":{"line":8,"column":25},"end":{"line":23,"column":1}}},"1":{"name":"(anonymous_2)","decl":{"start":{"line":15,"column":22},"end":{"line":15,"column":23}},"loc":{"start":{"line":15,"column":34},"end":{"line":19,"column":9}}}},"branchMap":{"0":{"loc":{"start":{"line":17,"column":14},"end":{"line":17,"column":30}},"type":"cond-expr","locations":[{"start":{"line":17,"column":14},"end":{"line":17,"column":30}},{"start":{"line":18,"column":14},"end":{"line":18,"column":54}}]}},"s":{"0":1,"1":1,"2":1,"3":1,"4":1,"5":1,"6":0,"7":1},"f":{"0":1,"1":0},"b":{"0":[0,0]}}
,"/Users/watar/Desktop/work/react-reserve-master/src/components/Product/AddProductToCart.tsx": {"path":"/Users/watar/Desktop/work/react-reserve-master/src/components/Product/AddProductToCart.tsx","statementMap":{"0":{"start":{"line":1,"column":0},"end":{"line":1,"column":26}},"1":{"start":{"line":2,"column":0},"end":{"line":2,"column":42}},"2":{"start":{"line":3,"column":0},"end":{"line":3,"column":40}},"3":{"start":{"line":4,"column":0},"end":{"line":4,"column":26}},"4":{"start":{"line":5,"column":0},"end":{"line":5,"column":45}},"5":{"start":{"line":6,"column":0},"end":{"line":6,"column":31}},"6":{"start":{"line":7,"column":0},"end":{"line":7,"column":53}},"7":{"start":{"line":11,"column":6},"end":{"line":11,"column":null}},"8":{"start":{"line":12,"column":11},"end":{"line":12,"column":null}},"9":{"start":{"line":14,"column":34},"end":{"line":14,"column":51}},"10":{"start":{"line":14,"column":17},"end":{"line":14,"column":19}},"11":{"start":{"line":14,"column":30},"end":{"line":14,"column":34}},"12":{"start":{"line":15,"column":32},"end":{"line":15,"column":53}},"13":{"start":{"line":15,"column":16},"end":{"line":15,"column":18}},"14":{"start":{"line":15,"column":28},"end":{"line":15,"column":32}},"15":{"start":{"line":16,"column":32},"end":{"line":16,"column":53}},"16":{"start":{"line":16,"column":16},"end":{"line":16,"column":18}},"17":{"start":{"line":16,"column":28},"end":{"line":16,"column":32}},"18":{"start":{"line":17,"column":17},"end":{"line":17,"column":28}},"19":{"start":{"line":19,"column":2},"end":{"line":28,"column":16}},"20":{"start":{"line":21,"column":4},"end":{"line":23,"column":null}},"21":{"start":{"line":22,"column":6},"end":{"line":22,"column":58}},"22":{"start":{"line":22,"column":33},"end":{"line":22,"column":52}},"23":{"start":{"line":25,"column":4},"end":{"line":27,"column":6}},"24":{"start":{"line":26,"column":6},"end":{"line":26,"column":28}},"25":{"start":{"line":32,"column":6},"end":{"line":32,"column":23}},"26":{"start":{"line":33,"column":12},"end":{"line":33,"column":40}},"27":{"start":{"line":34,"column":12},"end":{"line":34,"column":46}},"28":{"start":{"line":35,"column":12},"end":{"line":35,"column":40}},"29":{"start":{"line":36,"column":12},"end":{"line":36,"column":60}},"30":{"start":{"line":37,"column":6},"end":{"line":37,"column":45}},"31":{"start":{"line":38,"column":6},"end":{"line":38,"column":23}},"32":{"start":{"line":40,"column":6},"end":{"line":40,"column":39}},"33":{"start":{"line":42,"column":6},"end":{"line":42,"column":24}},"34":{"start":{"line":46,"column":2},"end":{"line":78,"column":4}},"35":{"start":{"line":52,"column":27},"end":{"line":52,"column":null}},"36":{"start":{"line":74,"column":29},"end":{"line":74,"column":null}},"37":{"start":{"line":81,"column":0},"end":{"line":81,"column":32}}},"fnMap":{"0":{"name":"AddProductToCart","decl":{"start":{"line":10,"column":9},"end":{"line":10,"column":25}},"loc":{"start":{"line":13,"column":24},"end":{"line":79,"column":1}}},"1":{"name":"(anonymous_15)","decl":{"start":{"line":19,"column":18},"end":{"line":19,"column":null}},"loc":{"start":{"line":19,"column":18},"end":{"line":28,"column":3}}},"2":{"name":"(anonymous_16)","decl":{"start":{"line":22,"column":27},"end":{"line":22,"column":33}},"loc":{"start":{"line":22,"column":27},"end":{"line":22,"column":43}}},"3":{"name":"(anonymous_17)","decl":{"start":{"line":25,"column":11},"end":{"line":25,"column":null}},"loc":{"start":{"line":25,"column":11},"end":{"line":27,"column":5}}},"4":{"name":"handleAddProductToCart","decl":{"start":{"line":30,"column":17},"end":{"line":30,"column":39}},"loc":{"start":{"line":30,"column":39},"end":{"line":44,"column":null}}},"5":{"name":"(anonymous_21)","decl":{"start":{"line":52,"column":16},"end":{"line":52,"column":17}},"loc":{"start":{"line":52,"column":22},"end":{"line":52,"column":38}}},"6":{"name":"(anonymous_22)","decl":{"start":{"line":74,"column":23},"end":{"line":74,"column":29}},"loc":{"start":{"line":74,"column":23},"end":{"line":74,"column":35}}}},"branchMap":{"0":{"loc":{"start":{"line":21,"column":4},"end":{"line":23,"column":null}},"type":"if","locations":[{"start":{"line":21,"column":4},"end":{"line":23,"column":null}},{"start":{"line":21,"column":4},"end":{"line":23,"column":null}}]},"1":{"loc":{"start":{"line":55,"column":12},"end":{"line":60,"column":null}},"type":"cond-expr","locations":[{"start":{"line":55,"column":12},"end":{"line":60,"column":null}},{"start":{"line":61,"column":12},"end":{"line":75,"column":null}}]},"2":{"loc":{"start":{"line":54,"column":8},"end":{"line":54,"column":12}},"type":"binary-expr","locations":[{"start":{"line":54,"column":8},"end":{"line":54,"column":12}},{"start":{"line":54,"column":16},"end":{"line":54,"column":23}}]},"3":{"loc":{"start":{"line":62,"column":12},"end":{"line":69,"column":null}},"type":"cond-expr","locations":[{"start":{"line":62,"column":12},"end":{"line":69,"column":null}},{"start":{"line":70,"column":12},"end":{"line":75,"column":null}}]}},"s":{"0":2,"1":2,"2":2,"3":2,"4":2,"5":2,"6":2,"7":2,"8":2,"9":2,"10":2,"11":2,"12":2,"13":2,"14":2,"15":2,"16":2,"17":2,"18":2,"19":2,"20":0,"21":0,"22":0,"23":0,"24":0,"25":0,"26":0,"27":0,"28":0,"29":0,"30":0,"31":0,"32":0,"33":0,"34":2,"35":0,"36":0,"37":2},"f":{"0":2,"1":0,"2":0,"3":0,"4":0,"5":0,"6":0},"b":{"0":[0,0],"1":[0,2],"2":[2,2],"3":[2,0]}}
,"/Users/watar/Desktop/work/react-reserve-master/src/components/Product/ProductAttributes.tsx": {"path":"/Users/watar/Desktop/work/react-reserve-master/src/components/Product/ProductAttributes.tsx","statementMap":{"0":{"start":{"line":1,"column":0},"end":{"line":1,"column":26}},"1":{"start":{"line":2,"column":0},"end":{"line":2,"column":58}},"2":{"start":{"line":3,"column":0},"end":{"line":3,"column":26}},"3":{"start":{"line":4,"column":0},"end":{"line":4,"column":45}},"4":{"start":{"line":5,"column":0},"end":{"line":5,"column":40}},"5":{"start":{"line":9,"column":13},"end":{"line":9,"column":null}},"6":{"start":{"line":10,"column":5},"end":{"line":10,"column":null}},"7":{"start":{"line":11,"column":6},"end":{"line":11,"column":null}},"8":{"start":{"line":13,"column":28},"end":{"line":13,"column":58}},"9":{"start":{"line":13,"column":14},"end":{"line":13,"column":16}},"10":{"start":{"line":13,"column":24},"end":{"line":13,"column":28}},"11":{"start":{"line":14,"column":17},"end":{"line":14,"column":28}},"12":{"start":{"line":15,"column":17},"end":{"line":15,"column":45}},"13":{"start":{"line":16,"column":18},"end":{"line":16,"column":47}},"14":{"start":{"line":17,"column":24},"end":{"line":17,"column":41}},"15":{"start":{"line":20,"column":10},"end":{"line":20,"column":41}},"16":{"start":{"line":21,"column":10},"end":{"line":21,"column":40}},"17":{"start":{"line":22,"column":4},"end":{"line":22,"column":37}},"18":{"start":{"line":23,"column":4},"end":{"line":23,"column":21}},"19":{"start":{"line":25,"column":2},"end":{"line":56,"column":4}},"20":{"start":{"line":35,"column":27},"end":{"line":35,"column":null}},"21":{"start":{"line":43,"column":54},"end":{"line":43,"column":73}},"22":{"start":{"line":59,"column":0},"end":{"line":59,"column":33}}},"fnMap":{"0":{"name":"ProductAttributes","decl":{"start":{"line":8,"column":9},"end":{"line":8,"column":26}},"loc":{"start":{"line":12,"column":25},"end":{"line":57,"column":1}}},"1":{"name":"handleDelete","decl":{"start":{"line":19,"column":17},"end":{"line":19,"column":29}},"loc":{"start":{"line":19,"column":29},"end":{"line":24,"column":null}}},"2":{"name":"(anonymous_18)","decl":{"start":{"line":35,"column":21},"end":{"line":35,"column":27}},"loc":{"start":{"line":35,"column":21},"end":{"line":35,"column":35}}},"3":{"name":"(anonymous_19)","decl":{"start":{"line":43,"column":48},"end":{"line":43,"column":54}},"loc":{"start":{"line":43,"column":48},"end":{"line":43,"column":62}}}},"branchMap":{"0":{"loc":{"start":{"line":15,"column":17},"end":{"line":15,"column":21}},"type":"binary-expr","locations":[{"start":{"line":15,"column":17},"end":{"line":15,"column":21}},{"start":{"line":15,"column":25},"end":{"line":15,"column":45}}]},"1":{"loc":{"start":{"line":16,"column":18},"end":{"line":16,"column":22}},"type":"binary-expr","locations":[{"start":{"line":16,"column":18},"end":{"line":16,"column":22}},{"start":{"line":16,"column":26},"end":{"line":16,"column":47}}]},"2":{"loc":{"start":{"line":17,"column":24},"end":{"line":17,"column":30}},"type":"binary-expr","locations":[{"start":{"line":17,"column":24},"end":{"line":17,"column":30}},{"start":{"line":17,"column":34},"end":{"line":17,"column":41}}]},"3":{"loc":{"start":{"line":29,"column":7},"end":{"line":29,"column":20}},"type":"binary-expr","locations":[{"start":{"line":29,"column":7},"end":{"line":29,"column":20}},{"start":{"line":30,"column":8},"end":{"line":52,"column":null}}]}},"s":{"0":1,"1":1,"2":1,"3":1,"4":1,"5":1,"6":1,"7":1,"8":1,"9":1,"10":1,"11":1,"12":1,"13":1,"14":1,"15":0,"16":0,"17":0,"18":0,"19":1,"20":0,"21":0,"22":1},"f":{"0":1,"1":0,"2":0,"3":0},"b":{"0":[1,1],"1":[1,1],"2":[1,1],"3":[1,0]}}
,"/Users/watar/Desktop/work/react-reserve-master/src/components/Product/ProductSummary.tsx": {"path":"/Users/watar/Desktop/work/react-reserve-master/src/components/Product/ProductSummary.tsx","statementMap":{"0":{"start":{"line":1,"column":0},"end":{"line":1,"column":26}},"1":{"start":{"line":2,"column":0},"end":{"line":2,"column":48}},"2":{"start":{"line":3,"column":0},"end":{"line":3,"column":50}},"3":{"start":{"line":7,"column":6},"end":{"line":7,"column":null}},"4":{"start":{"line":8,"column":10},"end":{"line":8,"column":null}},"5":{"start":{"line":9,"column":5},"end":{"line":9,"column":null}},"6":{"start":{"line":10,"column":7},"end":{"line":10,"column":null}},"7":{"start":{"line":11,"column":5},"end":{"line":11,"column":null}},"8":{"start":{"line":12,"column":6},"end":{"line":12,"column":null}},"9":{"start":{"line":14,"column":2},"end":{"line":30,"column":4}},"10":{"start":{"line":33,"column":0},"end":{"line":33,"column":30}}},"fnMap":{"0":{"name":"ProductSummary","decl":{"start":{"line":6,"column":9},"end":{"line":6,"column":23}},"loc":{"start":{"line":13,"column":22},"end":{"line":31,"column":1}}}},"branchMap":{},"s":{"0":1,"1":1,"2":1,"3":1,"4":1,"5":1,"6":1,"7":1,"8":1,"9":1,"10":1},"f":{"0":1},"b":{}}
,"/Users/watar/Desktop/work/react-reserve-master/src/components/_App/HeadContent.tsx": {"path":"/Users/watar/Desktop/work/react-reserve-master/src/components/_App/HeadContent.tsx","statementMap":{"0":{"start":{"line":1,"column":0},"end":{"line":1,"column":26}},"1":{"start":{"line":2,"column":20},"end":{"line":2,"column":null}},"2":{"start":{"line":2,"column":39},"end":{"line":59,"column":2}},"3":{"start":{"line":61,"column":0},"end":{"line":61,"column":27}}},"fnMap":{"0":{"name":"(anonymous_1)","decl":{"start":{"line":2,"column":20},"end":{"line":2,"column":39}},"loc":{"start":{"line":2,"column":20},"end":{"line":2,"column":null}}}},"branchMap":{},"s":{"0":1,"1":1,"2":1,"3":1},"f":{"0":1},"b":{}}
,"/Users/watar/Desktop/work/react-reserve-master/src/components/_App/Header.tsx": {"path":"/Users/watar/Desktop/work/react-reserve-master/src/components/_App/Header.tsx","statementMap":{"0":{"start":{"line":1,"column":0},"end":{"line":1,"column":26}},"1":{"start":{"line":2,"column":0},"end":{"line":2,"column":65}},"2":{"start":{"line":3,"column":0},"end":{"line":3,"column":29}},"3":{"start":{"line":4,"column":0},"end":{"line":4,"column":48}},"4":{"start":{"line":5,"column":0},"end":{"line":5,"column":34}},"5":{"start":{"line":6,"column":0},"end":{"line":6,"column":51}},"6":{"start":{"line":9,"column":0},"end":{"line":9,"column":64}},"7":{"start":{"line":9,"column":45},"end":{"line":9,"column":63}},"8":{"start":{"line":10,"column":0},"end":{"line":10,"column":66}},"9":{"start":{"line":10,"column":48},"end":{"line":10,"column":65}},"10":{"start":{"line":11,"column":0},"end":{"line":11,"column":61}},"11":{"start":{"line":11,"column":43},"end":{"line":11,"column":60}},"12":{"start":{"line":13,"column":22},"end":{"line":13,"column":37}},"13":{"start":{"line":14,"column":17},"end":{"line":14,"column":28}},"14":{"start":{"line":15,"column":17},"end":{"line":15,"column":45}},"15":{"start":{"line":16,"column":18},"end":{"line":16,"column":47}},"16":{"start":{"line":17,"column":24},"end":{"line":17,"column":41}},"17":{"start":{"line":20,"column":4},"end":{"line":20,"column":37}},"18":{"start":{"line":23,"column":2},"end":{"line":86,"column":4}},"19":{"start":{"line":89,"column":0},"end":{"line":89,"column":22}}},"fnMap":{"0":{"name":"(anonymous_7)","decl":{"start":{"line":9,"column":39},"end":{"line":9,"column":45}},"loc":{"start":{"line":9,"column":39},"end":{"line":9,"column":54}}},"1":{"name":"(anonymous_8)","decl":{"start":{"line":10,"column":42},"end":{"line":10,"column":48}},"loc":{"start":{"line":10,"column":42},"end":{"line":10,"column":57}}},"2":{"name":"(anonymous_9)","decl":{"start":{"line":11,"column":37},"end":{"line":11,"column":43}},"loc":{"start":{"line":11,"column":37},"end":{"line":11,"column":52}}},"3":{"name":"Header","decl":{"start":{"line":13,"column":9},"end":{"line":13,"column":15}},"loc":{"start":{"line":13,"column":37},"end":{"line":87,"column":1}}},"4":{"name":"isActive","decl":{"start":{"line":19,"column":11},"end":{"line":19,"column":19}},"loc":{"start":{"line":19,"column":33},"end":{"line":21,"column":3}}}},"branchMap":{"0":{"loc":{"start":{"line":15,"column":17},"end":{"line":15,"column":21}},"type":"binary-expr","locations":[{"start":{"line":15,"column":17},"end":{"line":15,"column":21}},{"start":{"line":15,"column":25},"end":{"line":15,"column":45}}]},"1":{"loc":{"start":{"line":16,"column":18},"end":{"line":16,"column":22}},"type":"binary-expr","locations":[{"start":{"line":16,"column":18},"end":{"line":16,"column":22}},{"start":{"line":16,"column":26},"end":{"line":16,"column":47}}]},"2":{"loc":{"start":{"line":17,"column":24},"end":{"line":17,"column":30}},"type":"binary-expr","locations":[{"start":{"line":17,"column":24},"end":{"line":17,"column":30}},{"start":{"line":17,"column":34},"end":{"line":17,"column":41}}]},"3":{"loc":{"start":{"line":44,"column":9},"end":{"line":44,"column":22}},"type":"binary-expr","locations":[{"start":{"line":44,"column":9},"end":{"line":44,"column":22}},{"start":{"line":45,"column":10},"end":{"line":49,"column":null}}]},"4":{"loc":{"start":{"line":54,"column":10},"end":{"line":65,"column":null}},"type":"cond-expr","locations":[{"start":{"line":54,"column":10},"end":{"line":65,"column":null}},{"start":{"line":68,"column":10},"end":{"line":81,"column":null}}]}},"s":{"0":1,"1":1,"2":1,"3":1,"4":1,"5":1,"6":1,"7":0,"8":1,"9":0,"10":1,"11":0,"12":1,"13":1,"14":1,"15":1,"16":1,"17":3,"18":1,"19":1},"f":{"0":0,"1":0,"2":0,"3":1,"4":3},"b":{"0":[1,1],"1":[1,1],"2":[1,1],"3":[1,0],"4":[1,0]}}
,"/Users/watar/Desktop/work/react-reserve-master/src/pages/create.tsx": {"path":"/Users/watar/Desktop/work/react-reserve-master/src/pages/create.tsx","statementMap":{"0":{"start":{"line":1,"column":0},"end":{"line":1,"column":54}},"1":{"start":{"line":2,"column":0},"end":{"line":2,"column":null}},"2":{"start":{"line":12,"column":0},"end":{"line":12,"column":26}},"3":{"start":{"line":13,"column":0},"end":{"line":13,"column":42}},"4":{"start":{"line":14,"column":0},"end":{"line":14,"column":50}},"5":{"start":{"line":16,"column":24},"end":{"line":21,"column":2}},"6":{"start":{"line":24,"column":32},"end":{"line":24,"column":63}},"7":{"start":{"line":24,"column":16},"end":{"line":24,"column":18}},"8":{"start":{"line":24,"column":28},"end":{"line":24,"column":32}},"9":{"start":{"line":25,"column":42},"end":{"line":25,"column":60}},"10":{"start":{"line":25,"column":21},"end":{"line":25,"column":23}},"11":{"start":{"line":25,"column":38},"end":{"line":25,"column":42}},"12":{"start":{"line":26,"column":32},"end":{"line":26,"column":53}},"13":{"start":{"line":26,"column":16},"end":{"line":26,"column":18}},"14":{"start":{"line":26,"column":28},"end":{"line":26,"column":32}},"15":{"start":{"line":27,"column":32},"end":{"line":27,"column":53}},"16":{"start":{"line":27,"column":16},"end":{"line":27,"column":18}},"17":{"start":{"line":27,"column":28},"end":{"line":27,"column":32}},"18":{"start":{"line":28,"column":34},"end":{"line":28,"column":54}},"19":{"start":{"line":28,"column":17},"end":{"line":28,"column":19}},"20":{"start":{"line":28,"column":30},"end":{"line":28,"column":34}},"21":{"start":{"line":29,"column":28},"end":{"line":29,"column":46}},"22":{"start":{"line":29,"column":14},"end":{"line":29,"column":16}},"23":{"start":{"line":29,"column":24},"end":{"line":29,"column":28}},"24":{"start":{"line":31,"column":2},"end":{"line":34,"column":16}},"25":{"start":{"line":32,"column":22},"end":{"line":32,"column":71}},"26":{"start":{"line":32,"column":59},"end":{"line":32,"column":71}},"27":{"start":{"line":33,"column":4},"end":{"line":33,"column":55}},"28":{"start":{"line":37,"column":35},"end":{"line":37,"column":47}},"29":{"start":{"line":37,"column":16},"end":{"line":37,"column":18}},"30":{"start":{"line":37,"column":23},"end":{"line":37,"column":25}},"31":{"start":{"line":37,"column":30},"end":{"line":37,"column":35}},"32":{"start":{"line":38,"column":4},"end":{"line":45,"column":null}},"33":{"start":{"line":39,"column":6},"end":{"line":44,"column":null}},"34":{"start":{"line":40,"column":8},"end":{"line":40,"column":79}},"35":{"start":{"line":40,"column":34},"end":{"line":40,"column":78}},"36":{"start":{"line":41,"column":8},"end":{"line":41,"column":62}},"37":{"start":{"line":43,"column":8},"end":{"line":43,"column":69}},"38":{"start":{"line":43,"column":34},"end":{"line":43,"column":68}},"39":{"start":{"line":49,"column":10},"end":{"line":49,"column":32}},"40":{"start":{"line":50,"column":4},"end":{"line":50,"column":39}},"41":{"start":{"line":51,"column":4},"end":{"line":51,"column":49}},"42":{"start":{"line":52,"column":4},"end":{"line":52,"column":49}},"43":{"start":{"line":53,"column":21},"end":{"line":53,"column":null}},"44":{"start":{"line":53,"column":10},"end":{"line":53,"column":null}},"45":{"start":{"line":54,"column":10},"end":{"line":54,"column":39}},"46":{"start":{"line":55,"column":4},"end":{"line":55,"column":20}},"47":{"start":{"line":60,"column":6},"end":{"line":60,"column":29}},"48":{"start":{"line":61,"column":6},"end":{"line":61,"column":23}},"49":{"start":{"line":62,"column":6},"end":{"line":62,"column":19}},"50":{"start":{"line":63,"column":23},"end":{"line":63,"column":null}},"51":{"start":{"line":63,"column":12},"end":{"line":63,"column":null}},"52":{"start":{"line":64,"column":12},"end":{"line":64,"column":43}},"53":{"start":{"line":65,"column":14},"end":{"line":65,"column":43}},"54":{"start":{"line":66,"column":12},"end":{"line":66,"column":61}},"55":{"start":{"line":67,"column":23},"end":{"line":67,"column":null}},"56":{"start":{"line":67,"column":12},"end":{"line":67,"column":null}},"57":{"start":{"line":68,"column":6},"end":{"line":68,"column":32}},"58":{"start":{"line":69,"column":6},"end":{"line":69,"column":34}},"59":{"start":{"line":70,"column":6},"end":{"line":70,"column":23}},"60":{"start":{"line":72,"column":6},"end":{"line":72,"column":35}},"61":{"start":{"line":74,"column":6},"end":{"line":74,"column":24}},"62":{"start":{"line":78,"column":2},"end":{"line":146,"column":4}},"63":{"start":{"line":149,"column":0},"end":{"line":149,"column":29}}},"fnMap":{"0":{"name":"CreateProduct","decl":{"start":{"line":23,"column":9},"end":{"line":23,"column":22}},"loc":{"start":{"line":23,"column":22},"end":{"line":147,"column":1}}},"1":{"name":"(anonymous_17)","decl":{"start":{"line":31,"column":18},"end":{"line":31,"column":null}},"loc":{"start":{"line":31,"column":18},"end":{"line":34,"column":3}}},"2":{"name":"(anonymous_18)","decl":{"start":{"line":32,"column":51},"end":{"line":32,"column":52}},"loc":{"start":{"line":32,"column":54},"end":{"line":32,"column":66}}},"3":{"name":"handleChange","decl":{"start":{"line":36,"column":11},"end":{"line":36,"column":23}},"loc":{"start":{"line":36,"column":60},"end":{"line":46,"column":3}}},"4":{"name":"(anonymous_20)","decl":{"start":{"line":40,"column":19},"end":{"line":40,"column":20}},"loc":{"start":{"line":40,"column":29},"end":{"line":40,"column":40}}},"5":{"name":"(anonymous_21)","decl":{"start":{"line":43,"column":19},"end":{"line":43,"column":20}},"loc":{"start":{"line":43,"column":29},"end":{"line":43,"column":40}}},"6":{"name":"handleImageUpload","decl":{"start":{"line":48,"column":17},"end":{"line":48,"column":34}},"loc":{"start":{"line":48,"column":34},"end":{"line":56,"column":null}}},"7":{"name":"handleSubmit","decl":{"start":{"line":58,"column":17},"end":{"line":58,"column":29}},"loc":{"start":{"line":58,"column":63},"end":{"line":76,"column":null}}}},"branchMap":{"0":{"loc":{"start":{"line":33,"column":16},"end":{"line":33,"column":34}},"type":"cond-expr","locations":[{"start":{"line":33,"column":16},"end":{"line":33,"column":34}},{"start":{"line":33,"column":37},"end":{"line":33,"column":54}}]},"1":{"loc":{"start":{"line":38,"column":4},"end":{"line":45,"column":null}},"type":"if","locations":[{"start":{"line":38,"column":4},"end":{"line":45,"column":null}},{"start":{"line":38,"column":4},"end":{"line":45,"column":null}}]},"2":{"loc":{"start":{"line":38,"column":8},"end":{"line":38,"column":12}},"type":"binary-expr","locations":[{"start":{"line":38,"column":8},"end":{"line":38,"column":12}},{"start":{"line":38,"column":16},"end":{"line":38,"column":21}},{"start":{"line":38,"column":25},"end":{"line":38,"column":30}}]},"3":{"loc":{"start":{"line":39,"column":6},"end":{"line":44,"column":null}},"type":"if","locations":[{"start":{"line":39,"column":6},"end":{"line":44,"column":null}},{"start":{"line":39,"column":6},"end":{"line":44,"column":null}}]},"4":{"loc":{"start":{"line":138,"column":20},"end":{"line":138,"column":28}},"type":"binary-expr","locations":[{"start":{"line":138,"column":20},"end":{"line":138,"column":28}},{"start":{"line":138,"column":32},"end":{"line":138,"column":39}}]}},"s":{"0":1,"1":1,"2":1,"3":1,"4":1,"5":1,"6":1,"7":1,"8":1,"9":1,"10":1,"11":1,"12":1,"13":1,"14":1,"15":1,"16":1,"17":1,"18":1,"19":1,"20":1,"21":1,"22":1,"23":1,"24":1,"25":0,"26":0,"27":0,"28":0,"29":0,"30":0,"31":0,"32":0,"33":0,"34":0,"35":0,"36":0,"37":0,"38":0,"39":0,"40":0,"41":0,"42":0,"43":0,"44":0,"45":0,"46":0,"47":0,"48":0,"49":0,"50":0,"51":0,"52":0,"53":0,"54":0,"55":0,"56":0,"57":0,"58":0,"59":0,"60":0,"61":0,"62":1,"63":1},"f":{"0":1,"1":0,"2":0,"3":0,"4":0,"5":0,"6":0,"7":0},"b":{"0":[0,0],"1":[0,0],"2":[0,0,0],"3":[0,0],"4":[1,0]}}
,"/Users/watar/Desktop/work/react-reserve-master/src/pages/login.tsx": {"path":"/Users/watar/Desktop/work/react-reserve-master/src/pages/login.tsx","statementMap":{"0":{"start":{"line":1,"column":0},"end":{"line":1,"column":54}},"1":{"start":{"line":2,"column":0},"end":{"line":2,"column":73}},"2":{"start":{"line":3,"column":0},"end":{"line":3,"column":29}},"3":{"start":{"line":4,"column":0},"end":{"line":4,"column":50}},"4":{"start":{"line":5,"column":0},"end":{"line":5,"column":42}},"5":{"start":{"line":6,"column":0},"end":{"line":6,"column":26}},"6":{"start":{"line":7,"column":0},"end":{"line":7,"column":47}},"7":{"start":{"line":9,"column":21},"end":{"line":12,"column":2}},"8":{"start":{"line":15,"column":26},"end":{"line":15,"column":54}},"9":{"start":{"line":15,"column":13},"end":{"line":15,"column":15}},"10":{"start":{"line":15,"column":22},"end":{"line":15,"column":26}},"11":{"start":{"line":16,"column":34},"end":{"line":16,"column":54}},"12":{"start":{"line":16,"column":17},"end":{"line":16,"column":19}},"13":{"start":{"line":16,"column":30},"end":{"line":16,"column":34}},"14":{"start":{"line":17,"column":32},"end":{"line":17,"column":53}},"15":{"start":{"line":17,"column":16},"end":{"line":17,"column":18}},"16":{"start":{"line":17,"column":28},"end":{"line":17,"column":32}},"17":{"start":{"line":18,"column":28},"end":{"line":18,"column":46}},"18":{"start":{"line":18,"column":14},"end":{"line":18,"column":16}},"19":{"start":{"line":18,"column":24},"end":{"line":18,"column":28}},"20":{"start":{"line":20,"column":2},"end":{"line":23,"column":13}},"21":{"start":{"line":21,"column":19},"end":{"line":21,"column":65}},"22":{"start":{"line":21,"column":53},"end":{"line":21,"column":65}},"23":{"start":{"line":22,"column":4},"end":{"line":22,"column":52}},"24":{"start":{"line":26,"column":28},"end":{"line":26,"column":40}},"25":{"start":{"line":26,"column":16},"end":{"line":26,"column":18}},"26":{"start":{"line":26,"column":23},"end":{"line":26,"column":28}},"27":{"start":{"line":27,"column":4},"end":{"line":27,"column":62}},"28":{"start":{"line":27,"column":27},"end":{"line":27,"column":61}},"29":{"start":{"line":31,"column":4},"end":{"line":31,"column":27}},"30":{"start":{"line":33,"column":6},"end":{"line":33,"column":23}},"31":{"start":{"line":34,"column":6},"end":{"line":34,"column":19}},"32":{"start":{"line":35,"column":12},"end":{"line":35,"column":41}},"33":{"start":{"line":36,"column":12},"end":{"line":36,"column":34}},"34":{"start":{"line":37,"column":23},"end":{"line":37,"column":null}},"35":{"start":{"line":37,"column":12},"end":{"line":37,"column":null}},"36":{"start":{"line":38,"column":6},"end":{"line":38,"column":33}},"37":{"start":{"line":40,"column":6},"end":{"line":40,"column":35}},"38":{"start":{"line":42,"column":6},"end":{"line":42,"column":24}},"39":{"start":{"line":46,"column":2},"end":{"line":98,"column":4}},"40":{"start":{"line":101,"column":0},"end":{"line":101,"column":21}}},"fnMap":{"0":{"name":"Login","decl":{"start":{"line":14,"column":9},"end":{"line":14,"column":14}},"loc":{"start":{"line":14,"column":14},"end":{"line":99,"column":1}}},"1":{"name":"(anonymous_17)","decl":{"start":{"line":20,"column":18},"end":{"line":20,"column":null}},"loc":{"start":{"line":20,"column":18},"end":{"line":23,"column":3}}},"2":{"name":"(anonymous_18)","decl":{"start":{"line":21,"column":45},"end":{"line":21,"column":46}},"loc":{"start":{"line":21,"column":48},"end":{"line":21,"column":60}}},"3":{"name":"handleChange","decl":{"start":{"line":25,"column":11},"end":{"line":25,"column":23}},"loc":{"start":{"line":25,"column":60},"end":{"line":28,"column":3}}},"4":{"name":"(anonymous_20)","decl":{"start":{"line":27,"column":12},"end":{"line":27,"column":13}},"loc":{"start":{"line":27,"column":22},"end":{"line":27,"column":33}}},"5":{"name":"handleSubmit","decl":{"start":{"line":30,"column":17},"end":{"line":30,"column":29}},"loc":{"start":{"line":30,"column":63},"end":{"line":44,"column":null}}}},"branchMap":{"0":{"loc":{"start":{"line":22,"column":13},"end":{"line":22,"column":31}},"type":"cond-expr","locations":[{"start":{"line":22,"column":13},"end":{"line":22,"column":31}},{"start":{"line":22,"column":34},"end":{"line":22,"column":51}}]},"1":{"loc":{"start":{"line":85,"column":22},"end":{"line":85,"column":30}},"type":"binary-expr","locations":[{"start":{"line":85,"column":22},"end":{"line":85,"column":30}},{"start":{"line":85,"column":34},"end":{"line":85,"column":41}}]}},"s":{"0":1,"1":1,"2":1,"3":1,"4":1,"5":1,"6":1,"7":1,"8":1,"9":1,"10":1,"11":1,"12":1,"13":1,"14":1,"15":1,"16":1,"17":1,"18":1,"19":1,"20":1,"21":0,"22":0,"23":0,"24":0,"25":0,"26":0,"27":0,"28":0,"29":0,"30":0,"31":0,"32":0,"33":0,"34":0,"35":0,"36":0,"37":0,"38":0,"39":1,"40":1},"f":{"0":1,"1":0,"2":0,"3":0,"4":0,"5":0},"b":{"0":[0,0],"1":[1,0]}}
,"/Users/watar/Desktop/work/react-reserve-master/src/pages/signup.tsx": {"path":"/Users/watar/Desktop/work/react-reserve-master/src/pages/signup.tsx","statementMap":{"0":{"start":{"line":1,"column":0},"end":{"line":1,"column":54}},"1":{"start":{"line":2,"column":0},"end":{"line":2,"column":73}},"2":{"start":{"line":3,"column":0},"end":{"line":3,"column":29}},"3":{"start":{"line":4,"column":0},"end":{"line":4,"column":50}},"4":{"start":{"line":5,"column":0},"end":{"line":5,"column":42}},"5":{"start":{"line":6,"column":0},"end":{"line":6,"column":26}},"6":{"start":{"line":7,"column":0},"end":{"line":7,"column":47}},"7":{"start":{"line":9,"column":21},"end":{"line":13,"column":2}},"8":{"start":{"line":16,"column":26},"end":{"line":16,"column":54}},"9":{"start":{"line":16,"column":13},"end":{"line":16,"column":15}},"10":{"start":{"line":16,"column":22},"end":{"line":16,"column":26}},"11":{"start":{"line":17,"column":34},"end":{"line":17,"column":54}},"12":{"start":{"line":17,"column":17},"end":{"line":17,"column":19}},"13":{"start":{"line":17,"column":30},"end":{"line":17,"column":34}},"14":{"start":{"line":18,"column":32},"end":{"line":18,"column":53}},"15":{"start":{"line":18,"column":16},"end":{"line":18,"column":18}},"16":{"start":{"line":18,"column":28},"end":{"line":18,"column":32}},"17":{"start":{"line":19,"column":28},"end":{"line":19,"column":46}},"18":{"start":{"line":19,"column":14},"end":{"line":19,"column":16}},"19":{"start":{"line":19,"column":24},"end":{"line":19,"column":28}},"20":{"start":{"line":21,"column":2},"end":{"line":24,"column":13}},"21":{"start":{"line":22,"column":19},"end":{"line":22,"column":65}},"22":{"start":{"line":22,"column":53},"end":{"line":22,"column":65}},"23":{"start":{"line":23,"column":4},"end":{"line":23,"column":52}},"24":{"start":{"line":27,"column":28},"end":{"line":27,"column":40}},"25":{"start":{"line":27,"column":16},"end":{"line":27,"column":18}},"26":{"start":{"line":27,"column":23},"end":{"line":27,"column":28}},"27":{"start":{"line":28,"column":4},"end":{"line":28,"column":62}},"28":{"start":{"line":28,"column":27},"end":{"line":28,"column":61}},"29":{"start":{"line":32,"column":4},"end":{"line":32,"column":27}},"30":{"start":{"line":34,"column":6},"end":{"line":34,"column":23}},"31":{"start":{"line":35,"column":6},"end":{"line":35,"column":19}},"32":{"start":{"line":36,"column":12},"end":{"line":36,"column":42}},"33":{"start":{"line":37,"column":12},"end":{"line":37,"column":34}},"34":{"start":{"line":38,"column":23},"end":{"line":38,"column":null}},"35":{"start":{"line":38,"column":12},"end":{"line":38,"column":null}},"36":{"start":{"line":39,"column":6},"end":{"line":39,"column":33}},"37":{"start":{"line":41,"column":6},"end":{"line":41,"column":35}},"38":{"start":{"line":43,"column":6},"end":{"line":43,"column":24}},"39":{"start":{"line":47,"column":2},"end":{"line":109,"column":4}},"40":{"start":{"line":112,"column":0},"end":{"line":112,"column":22}}},"fnMap":{"0":{"name":"Signup","decl":{"start":{"line":15,"column":9},"end":{"line":15,"column":15}},"loc":{"start":{"line":15,"column":15},"end":{"line":110,"column":1}}},"1":{"name":"(anonymous_17)","decl":{"start":{"line":21,"column":18},"end":{"line":21,"column":null}},"loc":{"start":{"line":21,"column":18},"end":{"line":24,"column":3}}},"2":{"name":"(anonymous_18)","decl":{"start":{"line":22,"column":45},"end":{"line":22,"column":46}},"loc":{"start":{"line":22,"column":48},"end":{"line":22,"column":60}}},"3":{"name":"handleChange","decl":{"start":{"line":26,"column":11},"end":{"line":26,"column":23}},"loc":{"start":{"line":26,"column":60},"end":{"line":29,"column":3}}},"4":{"name":"(anonymous_20)","decl":{"start":{"line":28,"column":12},"end":{"line":28,"column":13}},"loc":{"start":{"line":28,"column":22},"end":{"line":28,"column":33}}},"5":{"name":"handleSubmit","decl":{"start":{"line":31,"column":17},"end":{"line":31,"column":29}},"loc":{"start":{"line":31,"column":63},"end":{"line":45,"column":null}}}},"branchMap":{"0":{"loc":{"start":{"line":23,"column":13},"end":{"line":23,"column":31}},"type":"cond-expr","locations":[{"start":{"line":23,"column":13},"end":{"line":23,"column":31}},{"start":{"line":23,"column":34},"end":{"line":23,"column":51}}]},"1":{"loc":{"start":{"line":96,"column":22},"end":{"line":96,"column":30}},"type":"binary-expr","locations":[{"start":{"line":96,"column":22},"end":{"line":96,"column":30}},{"start":{"line":96,"column":34},"end":{"line":96,"column":41}}]}},"s":{"0":1,"1":1,"2":1,"3":1,"4":1,"5":1,"6":1,"7":1,"8":1,"9":1,"10":1,"11":1,"12":1,"13":1,"14":1,"15":1,"16":1,"17":1,"18":1,"19":1,"20":1,"21":0,"22":0,"23":0,"24":0,"25":0,"26":0,"27":0,"28":0,"29":0,"30":0,"31":0,"32":0,"33":0,"34":0,"35":0,"36":0,"37":0,"38":0,"39":1,"40":1},"f":{"0":1,"1":0,"2":0,"3":0,"4":0,"5":0},"b":{"0":[0,0],"1":[1,0]}}
,"/Users/watar/Desktop/work/react-reserve-master/static/testData.ts": {"path":"/Users/watar/Desktop/work/react-reserve-master/static/testData.ts","statementMap":{"0":{"start":{"line":4,"column":0},"end":{"line":4,"column":52}},"1":{"start":{"line":5,"column":0},"end":{"line":5,"column":46}},"2":{"start":{"line":7,"column":13},"end":{"line":7,"column":64}},"3":{"start":{"line":9,"column":13},"end":{"line":9,"column":69}},"4":{"start":{"line":11,"column":13},"end":{"line":11,"column":59}},"5":{"start":{"line":12,"column":13},"end":{"line":12,"column":60}},"6":{"start":{"line":13,"column":13},"end":{"line":13,"column":55}},"7":{"start":{"line":15,"column":13},"end":{"line":19,"column":2}}},"fnMap":{},"branchMap":{},"s":{"0":5,"1":5,"2":5,"3":5,"4":5,"5":5,"6":5,"7":5},"f":{},"b":{}}
,"/Users/watar/Desktop/work/react-reserve-master/static/testOrdersList.ts": {"path":"/Users/watar/Desktop/work/react-reserve-master/static/testOrdersList.ts","statementMap":{"0":{"start":{"line":1,"column":0},"end":{"line":1,"column":45}},"1":{"start":{"line":3,"column":0},"end":{"line":3,"column":52}},"2":{"start":{"line":4,"column":0},"end":{"line":4,"column":46}},"3":{"start":{"line":6,"column":13},"end":{"line":67,"column":2}}},"fnMap":{},"branchMap":{},"s":{"0":1,"1":1,"2":1,"3":1},"f":{},"b":{}}
,"/Users/watar/Desktop/work/react-reserve-master/static/testProductList.ts": {"path":"/Users/watar/Desktop/work/react-reserve-master/static/testProductList.ts","statementMap":{"0":{"start":{"line":1,"column":0},"end":{"line":1,"column":35}},"1":{"start":{"line":4,"column":13},"end":{"line":205,"column":2}}},"fnMap":{},"branchMap":{},"s":{"0":8,"1":8},"f":{},"b":{}}
,"/Users/watar/Desktop/work/react-reserve-master/static/testUserList.ts": {"path":"/Users/watar/Desktop/work/react-reserve-master/static/testUserList.ts","statementMap":{"0":{"start":{"line":1,"column":0},"end":{"line":1,"column":35}},"1":{"start":{"line":4,"column":13},"end":{"line":32,"column":2}}},"fnMap":{},"branchMap":{},"s":{"0":7,"1":7},"f":{},"b":{}}
,"/Users/watar/Desktop/work/react-reserve-master/utils/auth.ts": {"path":"/Users/watar/Desktop/work/react-reserve-master/utils/auth.ts","statementMap":{"0":{"start":{"line":1,"column":0},"end":{"line":1,"column":31}},"1":{"start":{"line":2,"column":0},"end":{"line":2,"column":33}},"2":{"start":{"line":7,"column":2},"end":{"line":7,"column":29}},"3":{"start":{"line":8,"column":2},"end":{"line":8,"column":26}},"4":{"start":{"line":6,"column":0},"end":{"line":6,"column":16}},"5":{"start":{"line":12,"column":2},"end":{"line":17,"column":null}},"6":{"start":{"line":13,"column":4},"end":{"line":13,"column":51}},"7":{"start":{"line":14,"column":4},"end":{"line":14,"column":18}},"8":{"start":{"line":16,"column":4},"end":{"line":16,"column":26}},"9":{"start":{"line":11,"column":0},"end":{"line":11,"column":16}},"10":{"start":{"line":21,"column":2},"end":{"line":21,"column":25}},"11":{"start":{"line":22,"column":2},"end":{"line":22,"column":60}},"12":{"start":{"line":23,"column":2},"end":{"line":23,"column":24}},"13":{"start":{"line":20,"column":0},"end":{"line":20,"column":16}}},"fnMap":{"0":{"name":"handleLogin","decl":{"start":{"line":6,"column":16},"end":{"line":6,"column":27}},"loc":{"start":{"line":6,"column":40},"end":{"line":9,"column":1}}},"1":{"name":"redirectUser","decl":{"start":{"line":11,"column":16},"end":{"line":11,"column":28}},"loc":{"start":{"line":11,"column":67},"end":{"line":18,"column":1}}},"2":{"name":"handleLogout","decl":{"start":{"line":20,"column":16},"end":{"line":20,"column":28}},"loc":{"start":{"line":20,"column":28},"end":{"line":24,"column":1}}}},"branchMap":{"0":{"loc":{"start":{"line":12,"column":2},"end":{"line":17,"column":null}},"type":"if","locations":[{"start":{"line":12,"column":2},"end":{"line":17,"column":null}},{"start":{"line":12,"column":2},"end":{"line":17,"column":null}}]},"1":{"loc":{"start":{"line":12,"column":6},"end":{"line":12,"column":13}},"type":"binary-expr","locations":[{"start":{"line":12,"column":6},"end":{"line":12,"column":13}},{"start":{"line":12,"column":17},"end":{"line":12,"column":24}}]}},"s":{"0":3,"1":3,"2":0,"3":0,"4":3,"5":0,"6":0,"7":0,"8":0,"9":3,"10":0,"11":0,"12":0,"13":3},"f":{"0":0,"1":0,"2":0},"b":{"0":[0,0],"1":[0,0]}}
,"/Users/watar/Desktop/work/react-reserve-master/utils/baseUrl.ts": {"path":"/Users/watar/Desktop/work/react-reserve-master/utils/baseUrl.ts","statementMap":{"0":{"start":{"line":2,"column":2},"end":{"line":4,"column":29}},"1":{"start":{"line":6,"column":0},"end":{"line":6,"column":23}}},"fnMap":{},"branchMap":{"0":{"loc":{"start":{"line":3,"column":6},"end":{"line":3,"column":55}},"type":"cond-expr","locations":[{"start":{"line":3,"column":6},"end":{"line":3,"column":55}},{"start":{"line":4,"column":6},"end":{"line":4,"column":29}}]}},"s":{"0":7,"1":7},"f":{},"b":{"0":[0,7]}}
,"/Users/watar/Desktop/work/react-reserve-master/utils/catchErrors.ts": {"path":"/Users/watar/Desktop/work/react-reserve-master/utils/catchErrors.ts","statementMap":{"0":{"start":{"line":9,"column":2},"end":{"line":27,"column":null}},"1":{"start":{"line":12,"column":4},"end":{"line":12,"column":35}},"2":{"start":{"line":13,"column":4},"end":{"line":13,"column":46}},"3":{"start":{"line":16,"column":4},"end":{"line":18,"column":null}},"4":{"start":{"line":17,"column":6},"end":{"line":17,"column":51}},"5":{"start":{"line":19,"column":9},"end":{"line":27,"column":null}},"6":{"start":{"line":21,"column":4},"end":{"line":21,"column":29}},"7":{"start":{"line":22,"column":4},"end":{"line":22,"column":45}},"8":{"start":{"line":25,"column":4},"end":{"line":25,"column":29}},"9":{"start":{"line":26,"column":4},"end":{"line":26,"column":45}},"10":{"start":{"line":28,"column":2},"end":{"line":28,"column":25}},"11":{"start":{"line":31,"column":0},"end":{"line":31,"column":27}}},"fnMap":{"0":{"name":"catchErrors","decl":{"start":{"line":4,"column":9},"end":{"line":4,"column":20}},"loc":{"start":{"line":6,"column":48},"end":{"line":29,"column":1}}}},"branchMap":{"0":{"loc":{"start":{"line":9,"column":2},"end":{"line":27,"column":null}},"type":"if","locations":[{"start":{"line":9,"column":2},"end":{"line":27,"column":null}},{"start":{"line":9,"column":2},"end":{"line":27,"column":null}}]},"1":{"loc":{"start":{"line":16,"column":4},"end":{"line":18,"column":null}},"type":"if","locations":[{"start":{"line":16,"column":4},"end":{"line":18,"column":null}},{"start":{"line":16,"column":4},"end":{"line":18,"column":null}}]},"2":{"loc":{"start":{"line":19,"column":9},"end":{"line":27,"column":null}},"type":"if","locations":[{"start":{"line":19,"column":9},"end":{"line":27,"column":null}},{"start":{"line":19,"column":9},"end":{"line":27,"column":null}}]}},"s":{"0":0,"1":0,"2":0,"3":0,"4":0,"5":0,"6":0,"7":0,"8":0,"9":0,"10":0,"11":5},"f":{"0":0},"b":{"0":[0,0],"1":[0,0],"2":[0,0]}}
,"/Users/watar/Desktop/work/react-reserve-master/utils/formatDate.ts": {"path":"/Users/watar/Desktop/work/react-reserve-master/utils/formatDate.ts","statementMap":{"0":{"start":{"line":2,"column":2},"end":{"line":2,"column":52}},"1":{"start":{"line":5,"column":0},"end":{"line":5,"column":26}}},"fnMap":{"0":{"name":"formatDate","decl":{"start":{"line":1,"column":9},"end":{"line":1,"column":19}},"loc":{"start":{"line":1,"column":30},"end":{"line":3,"column":1}}}},"branchMap":{},"s":{"0":4,"1":3},"f":{"0":4},"b":{}}
}
