TN:
SF:src/components/Account/AccountHeader.tsx
FN:6,AccountHeader
FNF:1
FNH:1
FNDA:1,AccountHeader
DA:1,1
DA:2,1
DA:3,1
DA:7,1
DA:8,1
DA:9,1
DA:10,1
DA:12,1
DA:32,1
LF:9
LH:9
BRF:0
BRH:0
end_of_record
TN:
SF:src/components/Account/AccountOrders.tsx
FN:18,AccountOrders
FN:21,mapOrdersToPanels
FN:22,(anonymous_3)
FN:41,(anonymous_4)
FN:86,(anonymous_5)
FNF:5
FNH:4
FNDA:1,AccountOrders
FNDA:1,mapOrdersToPanels
FNDA:3,(anonymous_3)
FNDA:6,(anonymous_4)
FNDA:0,(anonymous_5)
DA:1,1
DA:2,1
DA:13,1
DA:14,1
DA:18,1
DA:19,1
DA:22,3
DA:42,6
DA:73,1
DA:86,0
DA:103,1
LF:11
LH:10
BRDA:43,0,0,6
BRDA:43,0,1,0
BRDA:80,1,0,0
BRDA:80,1,1,1
BRF:4
BRH:2
end_of_record
TN:
SF:src/components/Account/AccountPermissions.tsx
FN:14,AccountPermissions
FN:17,(anonymous_15)
FN:21,getUsers
FN:48,(anonymous_19)
FN:57,UserPermission
FN:62,(anonymous_21)
FN:71,handleChangePermission
FN:72,(anonymous_23)
FN:75,updatePermission
FNF:9
FNH:1
FNDA:1,AccountPermissions
FNDA:0,(anonymous_15)
FNDA:0,getUsers
FNDA:0,(anonymous_19)
FNDA:0,UserPermission
FNDA:0,(anonymous_21)
FNDA:0,handleChangePermission
FNDA:0,(anonymous_23)
FNDA:0,updatePermission
DA:1,1
DA:2,1
DA:3,1
DA:4,1
DA:5,1
DA:6,1
DA:15,1
DA:17,1
DA:18,0
DA:22,0
DA:23,0
DA:24,0
DA:25,0
DA:26,0
DA:29,1
DA:48,0
DA:57,0
DA:58,0
DA:60,0
DA:62,0
DA:64,0
DA:65,0
DA:66,0
DA:68,0
DA:72,0
DA:76,0
DA:77,0
DA:78,0
DA:81,0
DA:95,1
LF:30
LH:10
BRDA:64,0,0,0
BRDA:64,0,1,0
BRDA:77,1,0,0
BRDA:77,1,1,0
BRDA:90,2,0,0
BRDA:90,2,1,0
BRF:6
BRH:0
end_of_record
TN:
SF:src/components/Index/ProductList.tsx
FN:6,ProductList
FN:7,mapProductsToItems
FN:8,(anonymous_3)
FNF:3
FNH:3
FNDA:1,ProductList
FNDA:1,mapProductsToItems
FNDA:20,(anonymous_3)
DA:1,1
DA:2,1
DA:6,1
DA:8,20
DA:19,1
DA:29,1
LF:6
LH:6
BRF:0
BRH:0
end_of_record
TN:
SF:src/components/Index/ProductPagination.tsx
FN:6,ProductPagination
FN:15,(anonymous_2)
FNF:2
FNH:1
FNDA:1,ProductPagination
FNDA:0,(anonymous_2)
DA:1,1
DA:2,1
DA:3,1
DA:7,1
DA:9,1
DA:10,1
DA:16,0
DA:25,1
LF:8
LH:7
BRDA:17,0,0,0
BRDA:17,0,1,0
BRF:2
BRH:0
end_of_record
TN:
SF:src/components/Product/AddProductToCart.tsx
FN:10,AddProductToCart
FN:19,(anonymous_15)
FN:22,(anonymous_16)
FN:25,(anonymous_17)
FN:30,handleAddProductToCart
FN:52,(anonymous_21)
FN:74,(anonymous_22)
FNF:7
FNH:1
FNDA:2,AddProductToCart
FNDA:0,(anonymous_15)
FNDA:0,(anonymous_16)
FNDA:0,(anonymous_17)
FNDA:0,handleAddProductToCart
FNDA:0,(anonymous_21)
FNDA:0,(anonymous_22)
DA:1,2
DA:2,2
DA:3,2
DA:4,2
DA:5,2
DA:6,2
DA:7,2
DA:11,2
DA:12,2
DA:14,2
DA:15,2
DA:16,2
DA:17,2
DA:19,2
DA:21,0
DA:22,0
DA:25,0
DA:26,0
DA:32,0
DA:33,0
DA:34,0
DA:35,0
DA:36,0
DA:37,0
DA:38,0
DA:40,0
DA:42,0
DA:46,2
DA:52,0
DA:74,0
DA:81,2
LF:31
LH:16
BRDA:21,0,0,0
BRDA:21,0,1,0
BRDA:55,1,0,0
BRDA:55,1,1,2
BRDA:54,2,0,2
BRDA:54,2,1,2
BRDA:62,3,0,2
BRDA:62,3,1,0
BRF:8
BRH:4
end_of_record
TN:
SF:src/components/Product/ProductAttributes.tsx
FN:8,ProductAttributes
FN:19,handleDelete
FN:35,(anonymous_18)
FN:43,(anonymous_19)
FNF:4
FNH:1
FNDA:1,ProductAttributes
FNDA:0,handleDelete
FNDA:0,(anonymous_18)
FNDA:0,(anonymous_19)
DA:1,1
DA:2,1
DA:3,1
DA:4,1
DA:5,1
DA:9,1
DA:10,1
DA:11,1
DA:13,1
DA:14,1
DA:15,1
DA:16,1
DA:17,1
DA:20,0
DA:21,0
DA:22,0
DA:23,0
DA:25,1
DA:35,0
DA:43,0
DA:59,1
LF:21
LH:15
BRDA:15,0,0,1
BRDA:15,0,1,1
BRDA:16,1,0,1
BRDA:16,1,1,1
BRDA:17,2,0,1
BRDA:17,2,1,1
BRDA:29,3,0,1
BRDA:29,3,1,0
BRF:8
BRH:7
end_of_record
TN:
SF:src/components/Product/ProductSummary.tsx
FN:6,ProductSummary
FNF:1
FNH:1
FNDA:1,ProductSummary
DA:1,1
DA:2,1
DA:3,1
DA:7,1
DA:8,1
DA:9,1
DA:10,1
DA:11,1
DA:12,1
DA:14,1
DA:33,1
LF:11
LH:11
BRF:0
BRH:0
end_of_record
TN:
SF:src/components/_App/HeadContent.tsx
FN:2,(anonymous_1)
FNF:1
FNH:1
FNDA:1,(anonymous_1)
DA:1,1
DA:2,1
DA:61,1
LF:3
LH:3
BRF:0
BRH:0
end_of_record
TN:
SF:src/components/_App/Header.tsx
FN:9,(anonymous_7)
FN:10,(anonymous_8)
FN:11,(anonymous_9)
FN:13,Header
FN:19,isActive
FNF:5
FNH:2
FNDA:0,(anonymous_7)
FNDA:0,(anonymous_8)
FNDA:0,(anonymous_9)
FNDA:1,Header
FNDA:3,isActive
DA:1,1
DA:2,1
DA:3,1
DA:4,1
DA:5,1
DA:6,1
DA:9,1
DA:10,1
DA:11,1
DA:13,1
DA:14,1
DA:15,1
DA:16,1
DA:17,1
DA:20,3
DA:23,1
DA:89,1
LF:17
LH:17
BRDA:15,0,0,1
BRDA:15,0,1,1
BRDA:16,1,0,1
BRDA:16,1,1,1
BRDA:17,2,0,1
BRDA:17,2,1,1
BRDA:44,3,0,1
BRDA:44,3,1,0
BRDA:54,4,0,1
BRDA:54,4,1,0
BRF:10
BRH:8
end_of_record
TN:
SF:src/pages/create.tsx
FN:23,CreateProduct
FN:31,(anonymous_17)
FN:32,(anonymous_18)
FN:36,handleChange
FN:40,(anonymous_20)
FN:43,(anonymous_21)
FN:48,handleImageUpload
FN:58,handleSubmit
FNF:8
FNH:1
FNDA:1,CreateProduct
FNDA:0,(anonymous_17)
FNDA:0,(anonymous_18)
FNDA:0,handleChange
FNDA:0,(anonymous_20)
FNDA:0,(anonymous_21)
FNDA:0,handleImageUpload
FNDA:0,handleSubmit
DA:1,1
DA:2,1
DA:12,1
DA:13,1
DA:14,1
DA:16,1
DA:24,1
DA:25,1
DA:26,1
DA:27,1
DA:28,1
DA:29,1
DA:31,1
DA:32,0
DA:33,0
DA:37,0
DA:38,0
DA:39,0
DA:40,0
DA:41,0
DA:43,0
DA:49,0
DA:50,0
DA:51,0
DA:52,0
DA:53,0
DA:54,0
DA:55,0
DA:60,0
DA:61,0
DA:62,0
DA:63,0
DA:64,0
DA:65,0
DA:66,0
DA:67,0
DA:68,0
DA:69,0
DA:70,0
DA:72,0
DA:74,0
DA:78,1
DA:149,1
LF:43
LH:15
BRDA:33,0,0,0
BRDA:33,0,1,0
BRDA:38,1,0,0
BRDA:38,1,1,0
BRDA:38,2,0,0
BRDA:38,2,1,0
BRDA:38,2,2,0
BRDA:39,3,0,0
BRDA:39,3,1,0
BRDA:138,4,0,1
BRDA:138,4,1,0
BRF:11
BRH:1
end_of_record
TN:
SF:src/pages/login.tsx
FN:14,Login
FN:20,(anonymous_17)
FN:21,(anonymous_18)
FN:25,handleChange
FN:27,(anonymous_20)
FN:30,handleSubmit
FNF:6
FNH:1
FNDA:1,Login
FNDA:0,(anonymous_17)
FNDA:0,(anonymous_18)
FNDA:0,handleChange
FNDA:0,(anonymous_20)
FNDA:0,handleSubmit
DA:1,1
DA:2,1
DA:3,1
DA:4,1
DA:5,1
DA:6,1
DA:7,1
DA:9,1
DA:15,1
DA:16,1
DA:17,1
DA:18,1
DA:20,1
DA:21,0
DA:22,0
DA:26,0
DA:27,0
DA:31,0
DA:33,0
DA:34,0
DA:35,0
DA:36,0
DA:37,0
DA:38,0
DA:40,0
DA:42,0
DA:46,1
DA:101,1
LF:28
LH:15
BRDA:22,0,0,0
BRDA:22,0,1,0
BRDA:85,1,0,1
BRDA:85,1,1,0
BRF:4
BRH:1
end_of_record
TN:
SF:src/pages/signup.tsx
FN:15,Signup
FN:21,(anonymous_17)
FN:22,(anonymous_18)
FN:26,handleChange
FN:28,(anonymous_20)
FN:31,handleSubmit
FNF:6
FNH:1
FNDA:1,Signup
FNDA:0,(anonymous_17)
FNDA:0,(anonymous_18)
FNDA:0,handleChange
FNDA:0,(anonymous_20)
FNDA:0,handleSubmit
DA:1,1
DA:2,1
DA:3,1
DA:4,1
DA:5,1
DA:6,1
DA:7,1
DA:9,1
DA:16,1
DA:17,1
DA:18,1
DA:19,1
DA:21,1
DA:22,0
DA:23,0
DA:27,0
DA:28,0
DA:32,0
DA:34,0
DA:35,0
DA:36,0
DA:37,0
DA:38,0
DA:39,0
DA:41,0
DA:43,0
DA:47,1
DA:112,1
LF:28
LH:15
BRDA:23,0,0,0
BRDA:23,0,1,0
BRDA:96,1,0,1
BRDA:96,1,1,0
BRF:4
BRH:1
end_of_record
TN:
SF:static/testData.ts
FNF:0
FNH:0
DA:4,5
DA:5,5
DA:7,5
DA:9,5
DA:11,5
DA:12,5
DA:13,5
DA:15,5
LF:8
LH:8
BRF:0
BRH:0
end_of_record
TN:
SF:static/testOrdersList.ts
FNF:0
FNH:0
DA:1,1
DA:3,1
DA:4,1
DA:6,1
LF:4
LH:4
BRF:0
BRH:0
end_of_record
TN:
SF:static/testProductList.ts
FNF:0
FNH:0
DA:1,8
DA:4,8
LF:2
LH:2
BRF:0
BRH:0
end_of_record
TN:
SF:static/testUserList.ts
FNF:0
FNH:0
DA:1,7
DA:4,7
LF:2
LH:2
BRF:0
BRH:0
end_of_record
TN:
SF:utils/auth.ts
FN:6,handleLogin
FN:11,redirectUser
FN:20,handleLogout
FNF:3
FNH:0
FNDA:0,handleLogin
FNDA:0,redirectUser
FNDA:0,handleLogout
DA:1,3
DA:2,3
DA:6,3
DA:7,0
DA:8,0
DA:11,3
DA:12,0
DA:13,0
DA:14,0
DA:16,0
DA:20,3
DA:21,0
DA:22,0
DA:23,0
LF:14
LH:5
BRDA:12,0,0,0
BRDA:12,0,1,0
BRDA:12,1,0,0
BRDA:12,1,1,0
BRF:4
BRH:0
end_of_record
TN:
SF:utils/baseUrl.ts
FNF:0
FNH:0
DA:2,7
DA:6,7
LF:2
LH:2
BRDA:3,0,0,0
BRDA:3,0,1,7
BRF:2
BRH:1
end_of_record
TN:
SF:utils/catchErrors.ts
FN:4,catchErrors
FNF:1
FNH:0
FNDA:0,catchErrors
DA:9,0
DA:12,0
DA:13,0
DA:16,0
DA:17,0
DA:19,0
DA:21,0
DA:22,0
DA:25,0
DA:26,0
DA:28,0
DA:31,5
LF:12
LH:1
BRDA:9,0,0,0
BRDA:9,0,1,0
BRDA:16,1,0,0
BRDA:16,1,1,0
BRDA:19,2,0,0
BRDA:19,2,1,0
BRF:6
BRH:0
end_of_record
TN:
SF:utils/formatDate.ts
FN:1,formatDate
FNF:1
FNH:1
FNDA:4,formatDate
DA:2,4
DA:5,3
LF:2
LH:2
BRF:0
BRH:0
end_of_record
